<?xml version="1.0" encoding="UTF-8"?>
<testng-results skipped="0" failed="0" total="1" passed="1">
  <reporter-output>
  </reporter-output>
  <suite name="Suite" duration-ms="13605" started-at="2020-03-18T22:51:58Z" finished-at="2020-03-18T22:52:11Z">
    <groups>
    </groups>
    <test name="Test" duration-ms="13605" started-at="2020-03-18T22:51:58Z" finished-at="2020-03-18T22:52:11Z">
      <class name="JenkinsCICD.TestNG">
        <test-method status="PASS" signature="beforeTest()[pri:0, instance:JenkinsCICD.TestNG@1324409e]" name="beforeTest" is-config="true" duration-ms="7248" started-at="2020-03-18T22:51:58Z" finished-at="2020-03-18T22:52:05Z">
          <reporter-output>
          </reporter-output>
        </test-method> <!-- beforeTest -->
        <test-method status="PASS" signature="testEasy()[pri:0, instance:JenkinsCICD.TestNG@1324409e]" name="testEasy" duration-ms="5125" started-at="2020-03-18T22:52:05Z" finished-at="2020-03-18T22:52:10Z">
          <reporter-output>
          </reporter-output>
        </test-method> <!-- testEasy -->
        <test-method status="PASS" signature="afterTest()[pri:0, instance:JenkinsCICD.TestNG@1324409e]" name="afterTest" is-config="true" duration-ms="1214" started-at="2020-03-18T22:52:10Z" finished-at="2020-03-18T22:52:11Z">
          <reporter-output>
          </reporter-output>
        </test-method> <!-- afterTest -->
      </class> <!-- JenkinsCICD.TestNG -->
    </test> <!-- Test -->
  </suite> <!-- Suite -->
</testng-results>
