<?xml version="1.0" encoding="UTF-8"?>
<testng-results skipped="0" failed="0" total="1" passed="1">
  <reporter-output>
  </reporter-output>
  <suite name="Suite" duration-ms="29283" started-at="2020-03-20T22:55:58Z" finished-at="2020-03-20T22:56:28Z">
    <groups>
    </groups>
    <test name="Test" duration-ms="29283" started-at="2020-03-20T22:55:58Z" finished-at="2020-03-20T22:56:28Z">
      <class name="JenkinsCICD.TestNG">
        <test-method status="PASS" signature="beforeTest()[pri:0, instance:JenkinsCICD.TestNG@1324409e]" name="beforeTest" is-config="true" duration-ms="7676" started-at="2020-03-20T22:55:58Z" finished-at="2020-03-20T22:56:06Z">
          <reporter-output>
          </reporter-output>
        </test-method> <!-- beforeTest -->
        <test-method status="PASS" signature="testEasy()[pri:0, instance:JenkinsCICD.TestNG@1324409e]" name="testEasy" duration-ms="20298" started-at="2020-03-20T22:56:06Z" finished-at="2020-03-20T22:56:26Z">
          <reporter-output>
          </reporter-output>
        </test-method> <!-- testEasy -->
        <test-method status="PASS" signature="afterTest()[pri:0, instance:JenkinsCICD.TestNG@1324409e]" name="afterTest" is-config="true" duration-ms="1290" started-at="2020-03-20T22:56:26Z" finished-at="2020-03-20T22:56:28Z">
          <reporter-output>
          </reporter-output>
        </test-method> <!-- afterTest -->
      </class> <!-- JenkinsCICD.TestNG -->
    </test> <!-- Test -->
  </suite> <!-- Suite -->
</testng-results>
