<?xml version="1.0" encoding="UTF-8"?>
<testng-results skipped="0" failed="0" total="1" passed="1">
  <reporter-output>
  </reporter-output>
  <suite name="Suite" duration-ms="15000" started-at="2020-03-18T22:51:12Z" finished-at="2020-03-18T22:51:27Z">
    <groups>
    </groups>
    <test name="Test" duration-ms="15000" started-at="2020-03-18T22:51:12Z" finished-at="2020-03-18T22:51:27Z">
      <class name="JenkinsCICD.TestNG">
        <test-method status="PASS" signature="beforeTest()[pri:0, instance:JenkinsCICD.TestNG@26be92ad]" name="beforeTest" is-config="true" duration-ms="7229" started-at="2020-03-18T22:51:12Z" finished-at="2020-03-18T22:51:19Z">
          <reporter-output>
          </reporter-output>
        </test-method> <!-- beforeTest -->
        <test-method status="PASS" signature="testEasy()[pri:0, instance:JenkinsCICD.TestNG@26be92ad]" name="testEasy" duration-ms="6468" started-at="2020-03-18T22:51:19Z" finished-at="2020-03-18T22:51:26Z">
          <reporter-output>
          </reporter-output>
        </test-method> <!-- testEasy -->
        <test-method status="PASS" signature="afterTest()[pri:0, instance:JenkinsCICD.TestNG@26be92ad]" name="afterTest" is-config="true" duration-ms="1281" started-at="2020-03-18T22:51:26Z" finished-at="2020-03-18T22:51:27Z">
          <reporter-output>
          </reporter-output>
        </test-method> <!-- afterTest -->
      </class> <!-- JenkinsCICD.TestNG -->
    </test> <!-- Test -->
  </suite> <!-- Suite -->
</testng-results>
